<?xml version="1.0" encoding="UTF-8"?>
<testsuite xmlns:xsi="http://www.w3.org/2001/XMLSchema-instance" xsi:noNamespaceSchemaLocation="https://maven.apache.org/surefire/maven-surefire-plugin/xsd/surefire-test-report.xsd" name="br.com.thallyssonklein.controller.MetricsControllerTest" time="0.375" tests="7" errors="0" skipped="0" failures="0">
  <properties>
[...]
</properties>
  <testcase name="shouldMetricYear4Ok" classname="br.com.thallyssonklein.controller.MetricsControllerTest" time="0.219"/>
  <testcase name="shouldMetric1Ok" classname="br.com.thallyssonklein.controller.MetricsControllerTest" time="0.011"/>
  <testcase name="shouldMetric2Ok" classname="br.com.thallyssonklein.controller.MetricsControllerTest" time="0.019"/>
  <testcase name="shouldMetric3Ok" classname="br.com.thallyssonklein.controller.MetricsControllerTest" time="0.003"/>
  <testcase name="shouldMetric5Ok" classname="br.com.thallyssonklein.controller.MetricsControllerTest" time="0.005"/>
  <testcase name="shouldMetricDay4Ok" classname="br.com.thallyssonklein.controller.MetricsControllerTest" time="0.004"/>
  <testcase name="shouldMetricWeek4Ok" classname="br.com.thallyssonklein.controller.MetricsControllerTest" time="0.016"/>
</testsuite>